
2020-05-01 23:05:53 [JavaFX Application Thread] controller.CharScreenController.refreshToXML()
ERROR: Conversion begins
2020-05-03 12:20:42 [JavaFX Application Thread] helpers.CharSaver.load()
ERROR: Character could not be loaded.
java.io.FileNotFoundException: Saves/lastSave.xml (No such file or directory)
2020-05-03 12:21:00 [JavaFX Application Thread] helpers.CharSaver.load()
ERROR: Character could not be loaded.
java.io.FileNotFoundException: Saves/lastSave.xml (No such file or directory)
2020-05-03 12:21:01 [JavaFX Application Thread] helpers.CharSaver.load()
ERROR: Character could not be loaded.
java.io.FileNotFoundException: Saves/lastSave.xml (No such file or directory)
2020-05-03 12:23:50 [JavaFX Application Thread] helpers.CharSaver.load()
ERROR: Character could not be loaded.
java.io.FileNotFoundException: Saves/lastSave.xml (No such file or directory)
2020-05-03 12:26:07 [JavaFX Application Thread] helpers.CharSaver.load()
ERROR: Character could not be loaded.
java.io.FileNotFoundException: Saves/lastSave.xml (No such file or directory)
2020-05-03 12:27:01 [JavaFX Application Thread] helpers.CharSaver.load()
ERROR: Character could not be loaded.
java.io.FileNotFoundException: Saves/lastSave.xml (No such file or directory)
2020-05-03 12:28:27 [JavaFX Application Thread] helpers.CharSaver.load()
ERROR: Character could not be loaded.
java.io.FileNotFoundException: Saves/lastSave.xml (No such file or directory)
2020-05-03 12:30:01 [JavaFX Application Thread] helpers.CharSaver.load()
ERROR: Character could not be loaded.
java.io.FileNotFoundException: Saves/lastSave.xml (No such file or directory)
2020-05-03 12:30:39 [JavaFX Application Thread] helpers.CharSaver.load()
ERROR: Character could not be loaded.

2020-05-03 12:31:01 [JavaFX Application Thread] helpers.CharSaver.load()
ERROR: Character could not be loaded.

2020-05-03 12:31:32 [JavaFX Application Thread] helpers.CharSaver.load()
ERROR: Character could not be loaded.

2020-05-03 12:32:34 [JavaFX Application Thread] helpers.CharSaver.load()
ERROR: Character could not be loaded.

2020-05-03 12:52:30 [JavaFX Application Thread] helpers.CharSaver.load()
ERROR: Character could not be loaded.

2020-05-03 12:53:16 [JavaFX Application Thread] helpers.CharSaver.load()
ERROR: Character could not be loaded.

2020-05-03 12:53:16 [JavaFX Application Thread] controller.CharScreenController.initialize()
ERROR: No lastSave found, generating random placeholder.
2020-05-03 12:53:35 [JavaFX Application Thread] helpers.CharSaver.load()
ERROR: Character could not be loaded.
2020-05-03 12:53:35 [JavaFX Application Thread] controller.CharScreenController.initialize()
ERROR: No lastSave found, generating random placeholder.
2020-05-03 13:07:16 [JavaFX Application Thread] controller.CharScreenController.refreshToXML()
ERROR: CharacterSaveLogic Failed. Invalid Values?
